Build started 20/07/2017 10:58:21.
     1>Project "C:\Users\1E30\Documents\Visual Studio 2010\Projects\projeto final\projeto final\projeto final.vcxproj" on node 2 (build target(s)).
     1>InitializeBuildStatus:
         Touching "Debug\projeto final.unsuccessfulbuild".
       GenerateTargetFrameworkMonikerAttribute:
       Skipping target "GenerateTargetFrameworkMonikerAttribute" because all output files are up-to-date with respect to the input files.
       ClCompile:
         All outputs are up-to-date.
         C:\Program Files (x86)\Microsoft Visual Studio 10.0\VC\bin\CL.exe /c /AI"C:\Program Files (x86)\Reference Assemblies\Microsoft\Framework\.NETFramework\v4.0" /Zi /clr:pure /nologo /W3 /WX- /Od /Oy- /D WIN32 /D _DEBUG /D _UNICODE /D UNICODE /EHa /MDd /GS /fp:precise /Zc:wchar_t /Zc:forScope /Yu"StdAfx.h" /Fp"Debug\projeto final.pch" /Fo"Debug\\" /Fd"Debug\vc100.pdb" /TP /FU"C:\Program Files (x86)\Reference Assemblies\Microsoft\Framework\.NETFramework\v4.0\System.Core.dll" /FU"C:\Program Files (x86)\Reference Assemblies\Microsoft\Framework\.NETFramework\v4.0\System.Data.dll" /FU"C:\Program Files (x86)\Reference Assemblies\Microsoft\Framework\.NETFramework\v4.0\System.DirectoryServices.dll" /FU"C:\Program Files (x86)\Reference Assemblies\Microsoft\Framework\.NETFramework\v4.0\System.dll" /FU"C:\Program Files (x86)\Reference Assemblies\Microsoft\Framework\.NETFramework\v4.0\System.Drawing.dll" /FU"C:\Program Files (x86)\Reference Assemblies\Microsoft\Framework\.NETFramework\v4.0\System.Windows.Forms.dll" /FU"C:\Program Files (x86)\Reference Assemblies\Microsoft\Framework\.NETFramework\v4.0\System.Xml.dll" /analyze- /errorReport:prompt "projeto final.cpp" /clr:nostdlib 
         projeto final.cpp
         All outputs are up-to-date.
       CoreResGen:
         No resources are out of date with respect to their source files. Skipping resource generation.
       ResourceCompile:
         All outputs are up-to-date.
       Link:
         C:\Program Files (x86)\Microsoft Visual Studio 10.0\VC\bin\link.exe /ERRORREPORT:PROMPT /OUT:"C:\Users\1E30\Documents\Visual Studio 2010\Projects\projeto final\Debug\projeto final.exe" /INCREMENTAL /NOLOGO /ASSEMBLYRESOURCE:Debug\projetofinal.Form1.resources /ASSEMBLYRESOURCE:Debug\projetofinal.form2.resources /MANIFEST /ManifestFile:"Debug\projeto final.exe.intermediate.manifest" /MANIFESTUAC:"level='asInvoker' uiAccess='false'" /DEBUG /PDB:"C:\Users\1E30\Documents\Visual Studio 2010\Projects\projeto final\Debug\projeto final.pdb" /ASSEMBLYDEBUG /SUBSYSTEM:WINDOWS /TLBID:1 /ENTRY:"main" /DYNAMICBASE /FIXED:NO /NXCOMPAT /MACHINE:X86 Debug\app.res
         Debug\AssemblyInfo.obj
         Debug\form2.obj
         "Debug\projeto final.obj"
         Debug\stdafx.obj
         "Debug\.NETFramework,Version=v4.0.AssemblyAttributes.obj"
         projeto final.vcxproj -> C:\Users\1E30\Documents\Visual Studio 2010\Projects\projeto final\Debug\projeto final.exe
       Manifest:
         C:\Program Files (x86)\Microsoft SDKs\Windows\v7.0A\bin\mt.exe /nologo /verbose /outputresource:"C:\Users\1E30\Documents\Visual Studio 2010\Projects\projeto final\Debug\projeto final.exe;#1" /manifest "Debug\projeto final.exe.intermediate.manifest"
       FinalizeBuildStatus:
         Deleting file "Debug\projeto final.unsuccessfulbuild".
         Touching "Debug\projeto final.lastbuildstate".
     1>Done Building Project "C:\Users\1E30\Documents\Visual Studio 2010\Projects\projeto final\projeto final\projeto final.vcxproj" (build target(s)).

Build succeeded.

Time Elapsed 00:00:00.82
